<?xml version="1.0" encoding="UTF-8"?>
<testng-results ignored="0" total="1" passed="1" failed="0" skipped="0">
  <reporter-output>
  </reporter-output>
  <suite started-at="2022-07-25T23:13:44 EDT" name="Default suite" finished-at="2022-07-25T23:14:23 EDT" duration-ms="38842">
    <groups>
    </groups>
    <test started-at="2022-07-25T23:13:44 EDT" name="Default test" finished-at="2022-07-25T23:14:23 EDT" duration-ms="38842">
      <class name="WaitTests.FlipkartImplicitWaitTest">
        <test-method is-config="true" signature="invokeBrowser()[pri:0, instance:WaitTests.FlipkartImplicitWaitTest@45018215]" started-at="2022-07-25T23:13:44 EDT" name="invokeBrowser" finished-at="2022-07-25T23:14:20 EDT" duration-ms="35403" status="PASS">
          <reporter-output>
          </reporter-output>
        </test-method> <!-- invokeBrowser -->
        <test-method signature="mouseHover()[pri:0, instance:WaitTests.FlipkartImplicitWaitTest@45018215]" started-at="2022-07-25T23:14:20 EDT" name="mouseHover" finished-at="2022-07-25T23:14:23 EDT" duration-ms="3311" status="PASS">
          <reporter-output>
          </reporter-output>
        </test-method> <!-- mouseHover -->
        <test-method is-config="true" signature="closeBrowser()[pri:0, instance:WaitTests.FlipkartImplicitWaitTest@45018215]" started-at="2022-07-25T23:14:23 EDT" name="closeBrowser" finished-at="2022-07-25T23:14:23 EDT" duration-ms="82" status="PASS">
          <reporter-output>
          </reporter-output>
        </test-method> <!-- closeBrowser -->
      </class> <!-- WaitTests.FlipkartImplicitWaitTest -->
    </test> <!-- Default test -->
  </suite> <!-- Default suite -->
</testng-results>
